08/23/2025 02:10:09 PM INFO __main__: Starting cross-validation training
08/23/2025 02:10:09 PM INFO __main__: Configuration: {'experiment': {'exp_num': 'exp044', 'name': 'exp044_mish_bert_integration', 'description': 'Hierarchical Bayesian fusion of three classification heads with configurable IMU parameters', 'tags': ['imu_only', 'lstm', 'bigru', 'attention', 'residual_se_cnn', 'human_normalization', 'demographics', 'soft_f1_acls', 'bert', 'tsai', 'randaugment', 'imu_rotation', 'handedness_flip', 'hierarchical_bayesian_fusion', 'configurable_imu', 'csv_output']}, 'paths': {'output_dir': '../../../outputs/exp044'}, 'data': {'root': '../../../data', 'train_path': '../../../data/train.csv', 'test_path': '../../../data/test.csv', 'demographics_train_path': '../../../data/train_demographics.csv', 'demographics_test_path': '../../../data/test_demographics.csv'}, 'demographics': {'enabled': True, 'embedding_dim': 16, 'categorical_embedding_dims': {'adult_child': 2, 'sex': 2, 'handedness': 2}, 'numerical_scaling_method': 'minmax', 'clip_outliers': True, 'age_min': 8.0, 'age_max': 60.0, 'height_min': 130.0, 'height_max': 195.0, 'shoulder_to_wrist_min': 35.0, 'shoulder_to_wrist_max': 75.0, 'elbow_to_wrist_min': 15.0, 'elbow_to_wrist_max': 50.0, 'categorical_features': ['adult_child', 'sex', 'handedness'], 'numerical_features': ['age', 'height_cm', 'shoulder_to_wrist_cm', 'elbow_to_wrist_cm'], 'hn_enabled': False, 'hn_eps': 0.001, 'hn_radius_min_max': (0.15, 0.9), 'hn_features': ['linear_acc_mag_per_h', 'linear_acc_mag_per_rS', 'linear_acc_mag_per_rE', 'acc_over_centripetal_rS', 'acc_over_centripetal_rE', 'alpha_like_rS', 'alpha_like_rE', 'v_over_h', 'v_over_rS', 'v_over_rE']}, 'model': {'name': 'cmi_squeezeformer_bert', 'input_dim': 20, 'd_model': 256, 'n_layers': 8, 'n_heads': 8, 'd_ff': 1024, 'num_classes': 18, 'kernel_size': 31, 'dropout': 0.1, 'imu_block1_out_channels': 64, 'imu_block2_out_channels': 128, 'bigru_hidden_size': 128, 'dense1_out_features': 256, 'dense2_out_features': 128, 'dense1_dropout': 0.5, 'dense2_dropout': 0.3, 'gru_dropout': 0.4, 'imu_block_dropout': 0.3, 'fusion_temperature_18': 1.0, 'fusion_temperature_binary': 1.0, 'fusion_temperature_9': 1.0, 'fusion_weight_hierarchical': 0.6, 'fusion_tau_threshold': 0.5}, 'training': {'seed': 42, 'batch_size': 128, 'num_workers': 8, 'epochs': 200, 'learning_rate': 0.0003, 'weight_decay': 1e-05, 'gradient_clip_val': 0.5, 'scheduler_type': 'cosine', 'scheduler_min_lr': 1e-06, 'scheduler_factor': 0.5, 'scheduler_patience': 5, 'use_mixed_precision': True, 'accumulate_grad_batches': 1}, 'loss': {'type': 'acls', 'alpha': 0.5, 'focal_gamma': 2.0, 'focal_alpha': 1.0, 'soft_f1_beta': 1.0, 'soft_f1_eps': 1e-06, 'label_smoothing': 0.1, 'nine_class_head_enabled': True, 'nine_class_loss_weight': 0.2, 'kl_weight': 0.1, 'kl_temperature': 1.0, 'auto_weighting': 'none', 'auto_weight_clamp': (-10.0, 10.0), 'uncertainty_init_value': 0.0, 'use_mixup': True}, 'acls': {'label_smoothing_alpha': 0.1, 'mbls_margin': 10.0, 'mbls_alpha': 0.1, 'mbls_schedule': None, 'acls_pos_lambda': 1.0, 'acls_neg_lambda': 0.1, 'acls_alpha': 0.1, 'acls_margin': 10.0}, 'length_grouping': {'enabled': False, 'use_dynamic_padding': False, 'mega_batch_multiplier': 8, 'percentile_max_length': 0.95, 'min_sequence_length': 50, 'max_sequence_length': 500, 'put_longest_first': True, 'fallback_to_fixed_length': True}, 'schedule_free': {'enabled': False, 'optimizer_type': 'RAdamScheduleFree', 'learning_rate_multiplier': 5.0, 'warmup_steps': 1000, 'batch_norm_calibration_steps': 50}, 'ema': {'enabled': True, 'beta': 0.9999, 'update_after_step': 1000, 'update_every': 10, 'update_model_with_ema_every': 1000, 'use_ema_for_validation': True}, 'val': {'name': 'stratified_group_kfold', 'params': {'n_splits': 5, 'random_state': 42, 'target': 'gesture', 'group': 'subject', 'id': 'sequence_id', 'force_recreate': False}}, 'preprocessing': {'target_sequence_length': 200}, 'augmentation': {'enable_randaugment': True, 'randaugment_n': 2, 'randaugment_m': 6.0, 'randaugment_prob': 0.8, 'add_noise_scale': 0.02, 'mag_scale_range': [0.9, 1.1], 'time_warp_max': 0.2, 'crop_ratio': 0.9, 'mask_ratio': 0.1, 'imu_rotation_angle_range': 0.2, 'handedness_flip_prob': 0.0, 'enable_handedness_flip': False, 'gaussian_noise_prob': 0.0, 'gaussian_noise_std': 0.01, 'time_scaling_prob': 0.0, 'time_scaling_range': [0.9, 1.1], 'partial_masking_prob': 0.0, 'partial_masking_length_range': [5, 20], 'partial_masking_ratio': 0.1}, 'logging': {'wandb_enabled': True, 'wandb_project': 'CMI-Detect-Behavior-with-Sensor-Data', 'wandb_name': 'exp044', 'wandb_tags': ['exp044', 'imu_only', 'lstm', 'bigru', 'attention', 'residual_se_cnn', 'human_normalization', 'demographics', 'soft_f1_acls', 'bert', 'tsai', 'randaugment', 'imu_rotation', 'handedness_flip', 'hierarchical_bayesian_fusion', 'configurable_imu', 'csv_output']}, 'lightning': {'trainer': {'accelerator': 'auto', 'devices': 'auto', 'precision': '16-mixed', 'deterministic': False, 'benchmark': True, 'enable_checkpointing': True, 'log_every_n_steps': 10, 'check_val_every_n_epoch': 1, 'val_check_interval': 1.0}, 'callbacks': {'model_checkpoint': {'monitor': 'val_cmi_score', 'mode': 'max', 'save_top_k': 1, 'save_last': True, 'filename': 'epoch-{epoch:02d}-val_cmi_score-{val_cmi_score:.4f}', 'auto_insert_metric_name': False}, 'early_stopping': {'monitor': 'val_cmi_score', 'mode': 'max', 'patience': 30, 'min_delta': 0.0001, 'verbose': True}, 'lr_monitor': {'logging_interval': 'epoch'}, 'rich_progress_bar': {'enable': False}}}, 'root': '../../../outputs/exp044', 'target_gestures': ['Above ear - pull hair', 'Forehead - pull hairline', 'Forehead - scratch', 'Eyebrow - pull hair', 'Eyelash - pull hair', 'Neck - pinch skin', 'Neck - scratch', 'Cheek - pinch skin'], 'non_target_gestures': ['Drink from bottle/cup', 'Glasses on/off', 'Pull air toward your face', 'Pinch knee/leg skin', 'Scratch knee/leg skin', 'Write name on leg', 'Text on phone', 'Feel around in tray and pull out an object', 'Write name in air', 'Wave hello'], 'imu_features': ['acc_x', 'acc_y', 'acc_z', 'rot_w', 'rot_x', 'rot_y', 'rot_z', 'linear_acc_x', 'linear_acc_y', 'linear_acc_z', 'linear_acc_mag', 'linear_acc_mag_jerk', 'angular_vel_x', 'angular_vel_y', 'angular_vel_z', 'angular_distance']}
08/23/2025 02:10:09 PM INFO __main__: Starting training for fold 0
08/23/2025 02:11:54 PM INFO __main__: Using input_dim=20 (HN features: False)
08/23/2025 02:13:49 PM ERROR __main__: Error in fold 0
Traceback (most recent call last):
  File "/home/karunru/Home/Kaggle/kaggle_monorepo/projects/CMI_Detect_Behavior_with_Sensor_Data/codes/exp/exp044/train.py", line 247, in train_cross_validation
    fold_result = train_single_fold(config, fold, logger, wandb_logger)
  File "/home/karunru/Home/Kaggle/kaggle_monorepo/projects/CMI_Detect_Behavior_with_Sensor_Data/codes/exp/exp044/train.py", line 170, in train_single_fold
    trainer.fit(model, data_module)
    ~~~~~~~~~~~^^^^^^^^^^^^^^^^^^^^
  File "/home/karunru/Home/Kaggle/kaggle_monorepo/projects/CMI_Detect_Behavior_with_Sensor_Data/.venv/lib/python3.13/site-packages/pytorch_lightning/trainer/trainer.py", line 561, in fit
    call._call_and_handle_interrupt(
    ~~~~~~~~~~~~~~~~~~~~~~~~~~~~~~~^
        self, self._fit_impl, model, train_dataloaders, val_dataloaders, datamodule, ckpt_path
        ^^^^^^^^^^^^^^^^^^^^^^^^^^^^^^^^^^^^^^^^^^^^^^^^^^^^^^^^^^^^^^^^^^^^^^^^^^^^^^^^^^^^^^
    )
    ^
  File "/home/karunru/Home/Kaggle/kaggle_monorepo/projects/CMI_Detect_Behavior_with_Sensor_Data/.venv/lib/python3.13/site-packages/pytorch_lightning/trainer/call.py", line 48, in _call_and_handle_interrupt
    return trainer_fn(*args, **kwargs)
  File "/home/karunru/Home/Kaggle/kaggle_monorepo/projects/CMI_Detect_Behavior_with_Sensor_Data/.venv/lib/python3.13/site-packages/pytorch_lightning/trainer/trainer.py", line 599, in _fit_impl
    self._run(model, ckpt_path=ckpt_path)
    ~~~~~~~~~^^^^^^^^^^^^^^^^^^^^^^^^^^^^
  File "/home/karunru/Home/Kaggle/kaggle_monorepo/projects/CMI_Detect_Behavior_with_Sensor_Data/.venv/lib/python3.13/site-packages/pytorch_lightning/trainer/trainer.py", line 1012, in _run
    results = self._run_stage()
  File "/home/karunru/Home/Kaggle/kaggle_monorepo/projects/CMI_Detect_Behavior_with_Sensor_Data/.venv/lib/python3.13/site-packages/pytorch_lightning/trainer/trainer.py", line 1054, in _run_stage
    self._run_sanity_check()
    ~~~~~~~~~~~~~~~~~~~~~~^^
  File "/home/karunru/Home/Kaggle/kaggle_monorepo/projects/CMI_Detect_Behavior_with_Sensor_Data/.venv/lib/python3.13/site-packages/pytorch_lightning/trainer/trainer.py", line 1083, in _run_sanity_check
    val_loop.run()
    ~~~~~~~~~~~~^^
  File "/home/karunru/Home/Kaggle/kaggle_monorepo/projects/CMI_Detect_Behavior_with_Sensor_Data/.venv/lib/python3.13/site-packages/pytorch_lightning/loops/utilities.py", line 179, in _decorator
    return loop_run(self, *args, **kwargs)
  File "/home/karunru/Home/Kaggle/kaggle_monorepo/projects/CMI_Detect_Behavior_with_Sensor_Data/.venv/lib/python3.13/site-packages/pytorch_lightning/loops/evaluation_loop.py", line 152, in run
    return self.on_run_end()
           ~~~~~~~~~~~~~~~^^
  File "/home/karunru/Home/Kaggle/kaggle_monorepo/projects/CMI_Detect_Behavior_with_Sensor_Data/.venv/lib/python3.13/site-packages/pytorch_lightning/loops/evaluation_loop.py", line 295, in on_run_end
    self._on_evaluation_epoch_end()
    ~~~~~~~~~~~~~~~~~~~~~~~~~~~~~^^
  File "/home/karunru/Home/Kaggle/kaggle_monorepo/projects/CMI_Detect_Behavior_with_Sensor_Data/.venv/lib/python3.13/site-packages/pytorch_lightning/loops/evaluation_loop.py", line 375, in _on_evaluation_epoch_end
    call._call_lightning_module_hook(trainer, hook_name)
    ~~~~~~~~~~~~~~~~~~~~~~~~~~~~~~~~^^^^^^^^^^^^^^^^^^^^
  File "/home/karunru/Home/Kaggle/kaggle_monorepo/projects/CMI_Detect_Behavior_with_Sensor_Data/.venv/lib/python3.13/site-packages/pytorch_lightning/trainer/call.py", line 176, in _call_lightning_module_hook
    output = fn(*args, **kwargs)
  File "/home/karunru/Home/Kaggle/kaggle_monorepo/projects/CMI_Detect_Behavior_with_Sensor_Data/codes/exp/exp044/model.py", line 1173, in on_validation_epoch_end
    self.save_validation_results_to_csv(
    ~~~~~~~~~~~~~~~~~~~~~~~~~~~~~~~~~~~^
        all_sequence_ids,
        ^^^^^^^^^^^^^^^^^
    ...<6 lines>...
        self.current_epoch,
        ^^^^^^^^^^^^^^^^^^^
    )
    ^
  File "/home/karunru/Home/Kaggle/kaggle_monorepo/projects/CMI_Detect_Behavior_with_Sensor_Data/codes/exp/exp044/model.py", line 1247, in save_validation_results_to_csv
    csv_path = output_dir / f"validation_results_fold_{fold}_epoch_{self.current_epoch}.csv"
               ^^^^^^^^^^
NameError: name 'output_dir' is not defined
08/23/2025 02:26:01 PM INFO __main__: Starting cross-validation training
08/23/2025 02:26:01 PM INFO __main__: Configuration: {'experiment': {'exp_num': 'exp044', 'name': 'exp044_mish_bert_integration', 'description': 'Hierarchical Bayesian fusion of three classification heads with configurable IMU parameters', 'tags': ['imu_only', 'lstm', 'bigru', 'attention', 'residual_se_cnn', 'human_normalization', 'demographics', 'soft_f1_acls', 'bert', 'tsai', 'randaugment', 'imu_rotation', 'handedness_flip', 'hierarchical_bayesian_fusion', 'configurable_imu', 'csv_output']}, 'paths': {'output_dir': Path('../../../outputs/exp044')}, 'data': {'root': '../../../data', 'train_path': '../../../data/train.csv', 'test_path': '../../../data/test.csv', 'demographics_train_path': '../../../data/train_demographics.csv', 'demographics_test_path': '../../../data/test_demographics.csv'}, 'demographics': {'enabled': True, 'embedding_dim': 16, 'categorical_embedding_dims': {'adult_child': 2, 'sex': 2, 'handedness': 2}, 'numerical_scaling_method': 'minmax', 'clip_outliers': True, 'age_min': 8.0, 'age_max': 60.0, 'height_min': 130.0, 'height_max': 195.0, 'shoulder_to_wrist_min': 35.0, 'shoulder_to_wrist_max': 75.0, 'elbow_to_wrist_min': 15.0, 'elbow_to_wrist_max': 50.0, 'categorical_features': ['adult_child', 'sex', 'handedness'], 'numerical_features': ['age', 'height_cm', 'shoulder_to_wrist_cm', 'elbow_to_wrist_cm'], 'hn_enabled': False, 'hn_eps': 0.001, 'hn_radius_min_max': (0.15, 0.9), 'hn_features': ['linear_acc_mag_per_h', 'linear_acc_mag_per_rS', 'linear_acc_mag_per_rE', 'acc_over_centripetal_rS', 'acc_over_centripetal_rE', 'alpha_like_rS', 'alpha_like_rE', 'v_over_h', 'v_over_rS', 'v_over_rE']}, 'model': {'name': 'cmi_squeezeformer_bert', 'input_dim': 20, 'd_model': 256, 'n_layers': 8, 'n_heads': 8, 'd_ff': 1024, 'num_classes': 18, 'kernel_size': 31, 'dropout': 0.1, 'imu_block1_out_channels': 64, 'imu_block2_out_channels': 128, 'bigru_hidden_size': 128, 'dense1_out_features': 256, 'dense2_out_features': 128, 'dense1_dropout': 0.5, 'dense2_dropout': 0.3, 'gru_dropout': 0.4, 'imu_block_dropout': 0.3, 'fusion_temperature_18': 1.0, 'fusion_temperature_binary': 1.0, 'fusion_temperature_9': 1.0, 'fusion_weight_hierarchical': 0.6, 'fusion_tau_threshold': 0.5}, 'training': {'seed': 42, 'batch_size': 128, 'num_workers': 8, 'epochs': 200, 'learning_rate': 0.0003, 'weight_decay': 1e-05, 'gradient_clip_val': 0.5, 'scheduler_type': 'cosine', 'scheduler_min_lr': 1e-06, 'scheduler_factor': 0.5, 'scheduler_patience': 5, 'use_mixed_precision': True, 'accumulate_grad_batches': 1}, 'loss': {'type': 'acls', 'alpha': 0.5, 'focal_gamma': 2.0, 'focal_alpha': 1.0, 'soft_f1_beta': 1.0, 'soft_f1_eps': 1e-06, 'label_smoothing': 0.1, 'nine_class_head_enabled': True, 'nine_class_loss_weight': 0.2, 'kl_weight': 0.1, 'kl_temperature': 1.0, 'auto_weighting': 'none', 'auto_weight_clamp': (-10.0, 10.0), 'uncertainty_init_value': 0.0, 'use_mixup': True}, 'acls': {'label_smoothing_alpha': 0.1, 'mbls_margin': 10.0, 'mbls_alpha': 0.1, 'mbls_schedule': None, 'acls_pos_lambda': 1.0, 'acls_neg_lambda': 0.1, 'acls_alpha': 0.1, 'acls_margin': 10.0}, 'length_grouping': {'enabled': False, 'use_dynamic_padding': False, 'mega_batch_multiplier': 8, 'percentile_max_length': 0.95, 'min_sequence_length': 50, 'max_sequence_length': 500, 'put_longest_first': True, 'fallback_to_fixed_length': True}, 'schedule_free': {'enabled': False, 'optimizer_type': 'RAdamScheduleFree', 'learning_rate_multiplier': 5.0, 'warmup_steps': 1000, 'batch_norm_calibration_steps': 50}, 'ema': {'enabled': True, 'beta': 0.9999, 'update_after_step': 1000, 'update_every': 10, 'update_model_with_ema_every': 1000, 'use_ema_for_validation': True}, 'val': {'name': 'stratified_group_kfold', 'params': {'n_splits': 5, 'random_state': 42, 'target': 'gesture', 'group': 'subject', 'id': 'sequence_id', 'force_recreate': False}}, 'preprocessing': {'target_sequence_length': 200}, 'augmentation': {'enable_randaugment': True, 'randaugment_n': 2, 'randaugment_m': 6.0, 'randaugment_prob': 0.8, 'add_noise_scale': 0.02, 'mag_scale_range': [0.9, 1.1], 'time_warp_max': 0.2, 'crop_ratio': 0.9, 'mask_ratio': 0.1, 'imu_rotation_angle_range': 0.2, 'handedness_flip_prob': 0.0, 'enable_handedness_flip': False, 'gaussian_noise_prob': 0.0, 'gaussian_noise_std': 0.01, 'time_scaling_prob': 0.0, 'time_scaling_range': [0.9, 1.1], 'partial_masking_prob': 0.0, 'partial_masking_length_range': [5, 20], 'partial_masking_ratio': 0.1}, 'logging': {'wandb_enabled': True, 'wandb_project': 'CMI-Detect-Behavior-with-Sensor-Data', 'wandb_name': 'exp044', 'wandb_tags': ['exp044', 'imu_only', 'lstm', 'bigru', 'attention', 'residual_se_cnn', 'human_normalization', 'demographics', 'soft_f1_acls', 'bert', 'tsai', 'randaugment', 'imu_rotation', 'handedness_flip', 'hierarchical_bayesian_fusion', 'configurable_imu', 'csv_output']}, 'lightning': {'trainer': {'accelerator': 'auto', 'devices': 'auto', 'precision': '16-mixed', 'deterministic': False, 'benchmark': True, 'enable_checkpointing': True, 'log_every_n_steps': 10, 'check_val_every_n_epoch': 1, 'val_check_interval': 1.0}, 'callbacks': {'model_checkpoint': {'monitor': 'val_cmi_score', 'mode': 'max', 'save_top_k': 1, 'save_last': True, 'filename': 'epoch-{epoch:02d}-val_cmi_score-{val_cmi_score:.4f}', 'auto_insert_metric_name': False}, 'early_stopping': {'monitor': 'val_cmi_score', 'mode': 'max', 'patience': 30, 'min_delta': 0.0001, 'verbose': True}, 'lr_monitor': {'logging_interval': 'epoch'}, 'rich_progress_bar': {'enable': False}}}, 'root': '../../../outputs/exp044', 'target_gestures': ['Above ear - pull hair', 'Forehead - pull hairline', 'Forehead - scratch', 'Eyebrow - pull hair', 'Eyelash - pull hair', 'Neck - pinch skin', 'Neck - scratch', 'Cheek - pinch skin'], 'non_target_gestures': ['Drink from bottle/cup', 'Glasses on/off', 'Pull air toward your face', 'Pinch knee/leg skin', 'Scratch knee/leg skin', 'Write name on leg', 'Text on phone', 'Feel around in tray and pull out an object', 'Write name in air', 'Wave hello'], 'imu_features': ['acc_x', 'acc_y', 'acc_z', 'rot_w', 'rot_x', 'rot_y', 'rot_z', 'linear_acc_x', 'linear_acc_y', 'linear_acc_z', 'linear_acc_mag', 'linear_acc_mag_jerk', 'angular_vel_x', 'angular_vel_y', 'angular_vel_z', 'angular_distance']}
08/23/2025 02:26:01 PM INFO __main__: Starting training for fold 0
08/23/2025 02:27:44 PM INFO __main__: Using input_dim=20 (HN features: False)
08/23/2025 02:33:04 PM INFO __main__: Loading best model from: ../../../outputs/exp044/fold_0/version_1/checkpoints/epoch-88-val_cmi_score-0.7743.ckpt
08/23/2025 02:33:07 PM INFO __main__: Fold 0 results: {'fold': 0, 'val_loss': 0.9762795567512512, 'val_cmi_score': 0.7742584943771362, 'val_multiclass_loss': 1.2488994598388672, 'val_binary_loss': 0.13109776377677917, 'best_model_path': '../../../outputs/exp044/fold_0/version_1/checkpoints/epoch-88-val_cmi_score-0.7743.ckpt'}
08/23/2025 02:33:07 PM INFO __main__: Starting training for fold 1
08/23/2025 02:34:53 PM INFO __main__: Using input_dim=20 (HN features: False)
08/23/2025 02:40:36 PM INFO __main__: Loading best model from: ../../../outputs/exp044/fold_1/version_0/checkpoints/epoch-104-val_cmi_score-0.7562.ckpt
08/23/2025 02:40:39 PM INFO __main__: Fold 1 results: {'fold': 1, 'val_loss': 1.2543845176696777, 'val_cmi_score': 0.7562472224235535, 'val_multiclass_loss': 1.640633225440979, 'val_binary_loss': 0.18702907860279083, 'best_model_path': '../../../outputs/exp044/fold_1/version_0/checkpoints/epoch-104-val_cmi_score-0.7562.ckpt'}
08/23/2025 02:40:39 PM INFO __main__: Starting training for fold 2
08/23/2025 02:42:25 PM INFO __main__: Using input_dim=20 (HN features: False)
08/23/2025 02:47:09 PM INFO __main__: Loading best model from: ../../../outputs/exp044/fold_2/version_0/checkpoints/epoch-66-val_cmi_score-0.7883.ckpt
08/23/2025 02:47:13 PM INFO __main__: Fold 2 results: {'fold': 2, 'val_loss': 0.8726680874824524, 'val_cmi_score': 0.7882779240608215, 'val_multiclass_loss': 1.1220059394836426, 'val_binary_loss': 0.09563500434160233, 'best_model_path': '../../../outputs/exp044/fold_2/version_0/checkpoints/epoch-66-val_cmi_score-0.7883.ckpt'}
08/23/2025 02:47:13 PM INFO __main__: Starting training for fold 3
08/23/2025 02:48:57 PM INFO __main__: Using input_dim=20 (HN features: False)
08/23/2025 02:56:32 PM INFO __main__: Loading best model from: ../../../outputs/exp044/fold_3/version_0/checkpoints/epoch-195-val_cmi_score-0.7756.ckpt
08/23/2025 02:56:35 PM INFO __main__: Fold 3 results: {'fold': 3, 'val_loss': 1.250685453414917, 'val_cmi_score': 0.7756075859069824, 'val_multiclass_loss': 1.6426697969436646, 'val_binary_loss': 0.17448364198207855, 'best_model_path': '../../../outputs/exp044/fold_3/version_0/checkpoints/epoch-195-val_cmi_score-0.7756.ckpt'}
08/23/2025 02:56:35 PM INFO __main__: Starting training for fold 4
08/23/2025 02:58:22 PM INFO __main__: Using input_dim=20 (HN features: False)
08/23/2025 03:04:11 PM INFO __main__: Loading best model from: ../../../outputs/exp044/fold_4/version_0/checkpoints/epoch-103-val_cmi_score-0.7885.ckpt
08/23/2025 03:04:14 PM INFO __main__: Fold 4 results: {'fold': 4, 'val_loss': 1.0186296701431274, 'val_cmi_score': 0.7884535789489746, 'val_multiclass_loss': 1.3175150156021118, 'val_binary_loss': 0.1717994660139084, 'best_model_path': '../../../outputs/exp044/fold_4/version_0/checkpoints/epoch-103-val_cmi_score-0.7885.ckpt'}
08/23/2025 03:04:14 PM INFO __main__: Cross-validation completed
08/23/2025 03:04:14 PM INFO __main__: Mean CV Loss: 1.0745 ± 0.1529
08/23/2025 03:04:14 PM INFO __main__: Mean CV CMI Score: 0.7766 ± 0.0118
08/23/2025 03:04:14 PM INFO __main__: Results saved to: ../../../outputs/exp044/cv_results.csv
08/23/2025 03:04:14 PM INFO __main__: CV results logged to WandB
