08/20/2025 03:27:00 AM INFO __main__: Starting cross-validation training
08/20/2025 03:27:00 AM INFO __main__: Configuration: {'experiment': {'exp_num': 'exp039', 'name': 'exp039_orientation_prior_soft_constraint', 'description': 'Orientation priorを使用したソフト拘束の実装', 'tags': ['imu_only', 'lstm', 'bigru', 'attention', 'residual_se_cnn', 'human_normalization', 'demographics', 'soft_f1_acls', 'bert', 'tsai', 'randaugment', 'imu_rotation', 'handedness_flip', 'orient_head', 'auxiliary_task', 'orientation_prior', 'soft_constraint', 'conditional_probability']}, 'paths': {'output_dir': '../../../outputs/exp039'}, 'data': {'root': '../../../data', 'train_path': '../../../data/train.csv', 'test_path': '../../../data/test.csv', 'demographics_train_path': '../../../data/train_demographics.csv', 'demographics_test_path': '../../../data/test_demographics.csv'}, 'demographics': {'enabled': True, 'embedding_dim': 16, 'categorical_embedding_dims': {'adult_child': 2, 'sex': 2, 'handedness': 2}, 'numerical_scaling_method': 'minmax', 'clip_outliers': True, 'age_min': 8.0, 'age_max': 60.0, 'height_min': 130.0, 'height_max': 195.0, 'shoulder_to_wrist_min': 35.0, 'shoulder_to_wrist_max': 75.0, 'elbow_to_wrist_min': 15.0, 'elbow_to_wrist_max': 50.0, 'categorical_features': ['adult_child', 'sex', 'handedness'], 'numerical_features': ['age', 'height_cm', 'shoulder_to_wrist_cm', 'elbow_to_wrist_cm'], 'hn_enabled': False, 'hn_eps': 0.001, 'hn_radius_min_max': (0.15, 0.9), 'hn_features': ['linear_acc_mag_per_h', 'linear_acc_mag_per_rS', 'linear_acc_mag_per_rE', 'acc_over_centripetal_rS', 'acc_over_centripetal_rE', 'alpha_like_rS', 'alpha_like_rE', 'v_over_h', 'v_over_rS', 'v_over_rE']}, 'model': {'name': 'cmi_squeezeformer_bert', 'input_dim': 20, 'd_model': 256, 'n_layers': 8, 'n_heads': 8, 'd_ff': 1024, 'num_classes': 18, 'kernel_size': 31, 'dropout': 0.1}, 'training': {'seed': 42, 'batch_size': 128, 'num_workers': 8, 'epochs': 200, 'learning_rate': 0.0003, 'weight_decay': 1e-05, 'gradient_clip_val': 0.5, 'scheduler_type': 'cosine', 'scheduler_min_lr': 1e-06, 'scheduler_factor': 0.5, 'scheduler_patience': 5, 'use_mixed_precision': True, 'accumulate_grad_batches': 1}, 'loss': {'type': 'acls', 'alpha': 0.5, 'focal_gamma': 2.0, 'focal_alpha': 1.0, 'soft_f1_beta': 1.0, 'soft_f1_eps': 1e-06, 'label_smoothing': 0.1, 'nine_class_head_enabled': True, 'nine_class_loss_weight': 0.2, 'kl_weight': 0.1, 'kl_temperature': 1.0, 'auto_weighting': 'none', 'auto_weight_clamp': (-10.0, 10.0), 'uncertainty_init_value': 0.0, 'use_mixup': True, 'orient_loss_weight': 0.3}, 'acls': {'label_smoothing_alpha': 0.1, 'mbls_margin': 10.0, 'mbls_alpha': 0.1, 'mbls_schedule': None, 'acls_pos_lambda': 1.0, 'acls_neg_lambda': 0.1, 'acls_alpha': 0.1, 'acls_margin': 10.0}, 'length_grouping': {'enabled': False, 'use_dynamic_padding': False, 'mega_batch_multiplier': 8, 'percentile_max_length': 0.95, 'min_sequence_length': 50, 'max_sequence_length': 500, 'put_longest_first': True, 'fallback_to_fixed_length': True}, 'schedule_free': {'enabled': False, 'optimizer_type': 'RAdamScheduleFree', 'learning_rate_multiplier': 5.0, 'warmup_steps': 1000, 'batch_norm_calibration_steps': 50}, 'ema': {'enabled': True, 'beta': 0.9999, 'update_after_step': 1000, 'update_every': 10, 'update_model_with_ema_every': 1000, 'use_ema_for_validation': True}, 'orientation_prior': {'enabled': True, 'lambda_weight': 2.0, 'temperature': 1.0, 'epsilon': 1e-06, 'laplace_alpha': 1.0}, 'val': {'name': 'stratified_group_kfold', 'params': {'n_splits': 5, 'random_state': 42, 'target': 'gesture', 'group': 'subject', 'id': 'sequence_id', 'force_recreate': False}}, 'preprocessing': {'target_sequence_length': 200}, 'augmentation': {'enable_randaugment': True, 'randaugment_n': 2, 'randaugment_m': 6.0, 'randaugment_prob': 0.8, 'add_noise_scale': 0.02, 'mag_scale_range': [0.9, 1.1], 'time_warp_max': 0.2, 'crop_ratio': 0.9, 'mask_ratio': 0.1, 'imu_rotation_angle_range': 0.2, 'handedness_flip_prob': 0.0, 'enable_handedness_flip': False, 'gaussian_noise_prob': 0.0, 'gaussian_noise_std': 0.01, 'time_scaling_prob': 0.0, 'time_scaling_range': [0.9, 1.1], 'partial_masking_prob': 0.0, 'partial_masking_length_range': [5, 20], 'partial_masking_ratio': 0.1}, 'logging': {'wandb_enabled': True, 'wandb_project': 'CMI-Detect-Behavior-with-Sensor-Data', 'wandb_name': 'exp039', 'wandb_tags': ['exp039', 'imu_only', 'lstm', 'bigru', 'attention', 'residual_se_cnn', 'human_normalization', 'demographics', 'soft_f1_acls', 'bert', 'tsai', 'randaugment', 'imu_rotation', 'handedness_flip', 'orient_head', 'auxiliary_task', 'orientation_prior', 'soft_constraint', 'conditional_probability']}, 'lightning': {'trainer': {'accelerator': 'auto', 'devices': 'auto', 'precision': '16-mixed', 'deterministic': False, 'benchmark': True, 'enable_checkpointing': True, 'log_every_n_steps': 10, 'check_val_every_n_epoch': 1, 'val_check_interval': 1.0}, 'callbacks': {'model_checkpoint': {'monitor': 'val_cmi_score', 'mode': 'max', 'save_top_k': 1, 'save_last': True, 'filename': 'epoch-{epoch:02d}-val_cmi_score-{val_cmi_score:.4f}', 'auto_insert_metric_name': False}, 'early_stopping': {'monitor': 'val_cmi_score', 'mode': 'max', 'patience': 30, 'min_delta': 0.0001, 'verbose': True}, 'lr_monitor': {'logging_interval': 'epoch'}, 'rich_progress_bar': {'enable': False}}}, 'root': '../../../outputs/exp039', 'target_gestures': ['Above ear - pull hair', 'Forehead - pull hairline', 'Forehead - scratch', 'Eyebrow - pull hair', 'Eyelash - pull hair', 'Neck - pinch skin', 'Neck - scratch', 'Cheek - pinch skin'], 'non_target_gestures': ['Drink from bottle/cup', 'Glasses on/off', 'Pull air toward your face', 'Pinch knee/leg skin', 'Scratch knee/leg skin', 'Write name on leg', 'Text on phone', 'Feel around in tray and pull out an object', 'Write name in air', 'Wave hello'], 'imu_features': ['acc_x', 'acc_y', 'acc_z', 'rot_w', 'rot_x', 'rot_y', 'rot_z', 'linear_acc_x', 'linear_acc_y', 'linear_acc_z', 'linear_acc_mag', 'linear_acc_mag_jerk', 'angular_vel_x', 'angular_vel_y', 'angular_vel_z', 'angular_distance']}
08/20/2025 03:27:00 AM INFO __main__: Starting training for fold 0
08/20/2025 03:28:41 AM INFO __main__: Using input_dim=20 (HN features: False)
08/20/2025 03:28:41 AM ERROR __main__: Error in fold 0
Traceback (most recent call last):
  File "/home/karunru/Home/Kaggle/kaggle_monorepo/projects/CMI_Detect_Behavior_with_Sensor_Data/codes/exp/exp039/train.py", line 245, in train_cross_validation
    fold_result = train_single_fold(config, fold, logger, wandb_logger)
  File "/home/karunru/Home/Kaggle/kaggle_monorepo/projects/CMI_Detect_Behavior_with_Sensor_Data/codes/exp/exp039/train.py", line 136, in train_single_fold
    model = CMISqueezeformer(
        input_dim=actual_input_dim,  # Should be 19 for IMU-only physical features
    ...<19 lines>...
        # Note: Using simplified parameter set for IMUOnlyLSTM architecture with BERT integration
    )
TypeError: CMISqueezeformer.__init__() missing 1 required positional argument: 'orientation_prior_config'
08/20/2025 03:30:39 AM INFO __main__: Starting cross-validation training
08/20/2025 03:30:39 AM INFO __main__: Configuration: {'experiment': {'exp_num': 'exp039', 'name': 'exp039_orientation_prior_soft_constraint', 'description': 'Orientation priorを使用したソフト拘束の実装', 'tags': ['imu_only', 'lstm', 'bigru', 'attention', 'residual_se_cnn', 'human_normalization', 'demographics', 'soft_f1_acls', 'bert', 'tsai', 'randaugment', 'imu_rotation', 'handedness_flip', 'orient_head', 'auxiliary_task', 'orientation_prior', 'soft_constraint', 'conditional_probability']}, 'paths': {'output_dir': '../../../outputs/exp039'}, 'data': {'root': '../../../data', 'train_path': '../../../data/train.csv', 'test_path': '../../../data/test.csv', 'demographics_train_path': '../../../data/train_demographics.csv', 'demographics_test_path': '../../../data/test_demographics.csv'}, 'demographics': {'enabled': True, 'embedding_dim': 16, 'categorical_embedding_dims': {'adult_child': 2, 'sex': 2, 'handedness': 2}, 'numerical_scaling_method': 'minmax', 'clip_outliers': True, 'age_min': 8.0, 'age_max': 60.0, 'height_min': 130.0, 'height_max': 195.0, 'shoulder_to_wrist_min': 35.0, 'shoulder_to_wrist_max': 75.0, 'elbow_to_wrist_min': 15.0, 'elbow_to_wrist_max': 50.0, 'categorical_features': ['adult_child', 'sex', 'handedness'], 'numerical_features': ['age', 'height_cm', 'shoulder_to_wrist_cm', 'elbow_to_wrist_cm'], 'hn_enabled': False, 'hn_eps': 0.001, 'hn_radius_min_max': (0.15, 0.9), 'hn_features': ['linear_acc_mag_per_h', 'linear_acc_mag_per_rS', 'linear_acc_mag_per_rE', 'acc_over_centripetal_rS', 'acc_over_centripetal_rE', 'alpha_like_rS', 'alpha_like_rE', 'v_over_h', 'v_over_rS', 'v_over_rE']}, 'model': {'name': 'cmi_squeezeformer_bert', 'input_dim': 20, 'd_model': 256, 'n_layers': 8, 'n_heads': 8, 'd_ff': 1024, 'num_classes': 18, 'kernel_size': 31, 'dropout': 0.1}, 'training': {'seed': 42, 'batch_size': 128, 'num_workers': 8, 'epochs': 200, 'learning_rate': 0.0003, 'weight_decay': 1e-05, 'gradient_clip_val': 0.5, 'scheduler_type': 'cosine', 'scheduler_min_lr': 1e-06, 'scheduler_factor': 0.5, 'scheduler_patience': 5, 'use_mixed_precision': True, 'accumulate_grad_batches': 1}, 'loss': {'type': 'acls', 'alpha': 0.5, 'focal_gamma': 2.0, 'focal_alpha': 1.0, 'soft_f1_beta': 1.0, 'soft_f1_eps': 1e-06, 'label_smoothing': 0.1, 'nine_class_head_enabled': True, 'nine_class_loss_weight': 0.2, 'kl_weight': 0.1, 'kl_temperature': 1.0, 'auto_weighting': 'none', 'auto_weight_clamp': (-10.0, 10.0), 'uncertainty_init_value': 0.0, 'use_mixup': True, 'orient_loss_weight': 0.3}, 'acls': {'label_smoothing_alpha': 0.1, 'mbls_margin': 10.0, 'mbls_alpha': 0.1, 'mbls_schedule': None, 'acls_pos_lambda': 1.0, 'acls_neg_lambda': 0.1, 'acls_alpha': 0.1, 'acls_margin': 10.0}, 'length_grouping': {'enabled': False, 'use_dynamic_padding': False, 'mega_batch_multiplier': 8, 'percentile_max_length': 0.95, 'min_sequence_length': 50, 'max_sequence_length': 500, 'put_longest_first': True, 'fallback_to_fixed_length': True}, 'schedule_free': {'enabled': False, 'optimizer_type': 'RAdamScheduleFree', 'learning_rate_multiplier': 5.0, 'warmup_steps': 1000, 'batch_norm_calibration_steps': 50}, 'ema': {'enabled': True, 'beta': 0.9999, 'update_after_step': 1000, 'update_every': 10, 'update_model_with_ema_every': 1000, 'use_ema_for_validation': True}, 'orientation_prior': {'enabled': True, 'lambda_weight': 2.0, 'temperature': 1.0, 'epsilon': 1e-06, 'laplace_alpha': 1.0}, 'val': {'name': 'stratified_group_kfold', 'params': {'n_splits': 5, 'random_state': 42, 'target': 'gesture', 'group': 'subject', 'id': 'sequence_id', 'force_recreate': False}}, 'preprocessing': {'target_sequence_length': 200}, 'augmentation': {'enable_randaugment': True, 'randaugment_n': 2, 'randaugment_m': 6.0, 'randaugment_prob': 0.8, 'add_noise_scale': 0.02, 'mag_scale_range': [0.9, 1.1], 'time_warp_max': 0.2, 'crop_ratio': 0.9, 'mask_ratio': 0.1, 'imu_rotation_angle_range': 0.2, 'handedness_flip_prob': 0.0, 'enable_handedness_flip': False, 'gaussian_noise_prob': 0.0, 'gaussian_noise_std': 0.01, 'time_scaling_prob': 0.0, 'time_scaling_range': [0.9, 1.1], 'partial_masking_prob': 0.0, 'partial_masking_length_range': [5, 20], 'partial_masking_ratio': 0.1}, 'logging': {'wandb_enabled': True, 'wandb_project': 'CMI-Detect-Behavior-with-Sensor-Data', 'wandb_name': 'exp039', 'wandb_tags': ['exp039', 'imu_only', 'lstm', 'bigru', 'attention', 'residual_se_cnn', 'human_normalization', 'demographics', 'soft_f1_acls', 'bert', 'tsai', 'randaugment', 'imu_rotation', 'handedness_flip', 'orient_head', 'auxiliary_task', 'orientation_prior', 'soft_constraint', 'conditional_probability']}, 'lightning': {'trainer': {'accelerator': 'auto', 'devices': 'auto', 'precision': '16-mixed', 'deterministic': False, 'benchmark': True, 'enable_checkpointing': True, 'log_every_n_steps': 10, 'check_val_every_n_epoch': 1, 'val_check_interval': 1.0}, 'callbacks': {'model_checkpoint': {'monitor': 'val_cmi_score', 'mode': 'max', 'save_top_k': 1, 'save_last': True, 'filename': 'epoch-{epoch:02d}-val_cmi_score-{val_cmi_score:.4f}', 'auto_insert_metric_name': False}, 'early_stopping': {'monitor': 'val_cmi_score', 'mode': 'max', 'patience': 30, 'min_delta': 0.0001, 'verbose': True}, 'lr_monitor': {'logging_interval': 'epoch'}, 'rich_progress_bar': {'enable': False}}}, 'root': '../../../outputs/exp039', 'target_gestures': ['Above ear - pull hair', 'Forehead - pull hairline', 'Forehead - scratch', 'Eyebrow - pull hair', 'Eyelash - pull hair', 'Neck - pinch skin', 'Neck - scratch', 'Cheek - pinch skin'], 'non_target_gestures': ['Drink from bottle/cup', 'Glasses on/off', 'Pull air toward your face', 'Pinch knee/leg skin', 'Scratch knee/leg skin', 'Write name on leg', 'Text on phone', 'Feel around in tray and pull out an object', 'Write name in air', 'Wave hello'], 'imu_features': ['acc_x', 'acc_y', 'acc_z', 'rot_w', 'rot_x', 'rot_y', 'rot_z', 'linear_acc_x', 'linear_acc_y', 'linear_acc_z', 'linear_acc_mag', 'linear_acc_mag_jerk', 'angular_vel_x', 'angular_vel_y', 'angular_vel_z', 'angular_distance']}
08/20/2025 03:30:40 AM INFO __main__: Starting training for fold 0
08/20/2025 03:32:24 AM INFO __main__: Using input_dim=20 (HN features: False)
08/20/2025 03:32:24 AM INFO __main__: Computing orientation prior matrix P(g|o) from training data...
08/20/2025 03:34:01 AM INFO __main__: Orientation prior matrix computed: shape=torch.Size([4, 18])
08/20/2025 03:35:45 AM ERROR __main__: Error in fold 0
Traceback (most recent call last):
  File "/home/karunru/Home/Kaggle/kaggle_monorepo/projects/CMI_Detect_Behavior_with_Sensor_Data/codes/exp/exp039/train.py", line 255, in train_cross_validation
    fold_result = train_single_fold(config, fold, logger, wandb_logger)
  File "/home/karunru/Home/Kaggle/kaggle_monorepo/projects/CMI_Detect_Behavior_with_Sensor_Data/codes/exp/exp039/train.py", line 178, in train_single_fold
    trainer.fit(model, data_module)
    ~~~~~~~~~~~^^^^^^^^^^^^^^^^^^^^
  File "/home/karunru/Home/Kaggle/kaggle_monorepo/projects/CMI_Detect_Behavior_with_Sensor_Data/.venv/lib/python3.13/site-packages/pytorch_lightning/trainer/trainer.py", line 561, in fit
    call._call_and_handle_interrupt(
    ~~~~~~~~~~~~~~~~~~~~~~~~~~~~~~~^
        self, self._fit_impl, model, train_dataloaders, val_dataloaders, datamodule, ckpt_path
        ^^^^^^^^^^^^^^^^^^^^^^^^^^^^^^^^^^^^^^^^^^^^^^^^^^^^^^^^^^^^^^^^^^^^^^^^^^^^^^^^^^^^^^
    )
    ^
  File "/home/karunru/Home/Kaggle/kaggle_monorepo/projects/CMI_Detect_Behavior_with_Sensor_Data/.venv/lib/python3.13/site-packages/pytorch_lightning/trainer/call.py", line 48, in _call_and_handle_interrupt
    return trainer_fn(*args, **kwargs)
  File "/home/karunru/Home/Kaggle/kaggle_monorepo/projects/CMI_Detect_Behavior_with_Sensor_Data/.venv/lib/python3.13/site-packages/pytorch_lightning/trainer/trainer.py", line 599, in _fit_impl
    self._run(model, ckpt_path=ckpt_path)
    ~~~~~~~~~^^^^^^^^^^^^^^^^^^^^^^^^^^^^
  File "/home/karunru/Home/Kaggle/kaggle_monorepo/projects/CMI_Detect_Behavior_with_Sensor_Data/.venv/lib/python3.13/site-packages/pytorch_lightning/trainer/trainer.py", line 1012, in _run
    results = self._run_stage()
  File "/home/karunru/Home/Kaggle/kaggle_monorepo/projects/CMI_Detect_Behavior_with_Sensor_Data/.venv/lib/python3.13/site-packages/pytorch_lightning/trainer/trainer.py", line 1056, in _run_stage
    self.fit_loop.run()
    ~~~~~~~~~~~~~~~~~^^
  File "/home/karunru/Home/Kaggle/kaggle_monorepo/projects/CMI_Detect_Behavior_with_Sensor_Data/.venv/lib/python3.13/site-packages/pytorch_lightning/loops/fit_loop.py", line 216, in run
    self.advance()
    ~~~~~~~~~~~~^^
  File "/home/karunru/Home/Kaggle/kaggle_monorepo/projects/CMI_Detect_Behavior_with_Sensor_Data/.venv/lib/python3.13/site-packages/pytorch_lightning/loops/fit_loop.py", line 455, in advance
    self.epoch_loop.run(self._data_fetcher)
    ~~~~~~~~~~~~~~~~~~~^^^^^^^^^^^^^^^^^^^^
  File "/home/karunru/Home/Kaggle/kaggle_monorepo/projects/CMI_Detect_Behavior_with_Sensor_Data/.venv/lib/python3.13/site-packages/pytorch_lightning/loops/training_epoch_loop.py", line 152, in run
    self.advance(data_fetcher)
    ~~~~~~~~~~~~^^^^^^^^^^^^^^
  File "/home/karunru/Home/Kaggle/kaggle_monorepo/projects/CMI_Detect_Behavior_with_Sensor_Data/.venv/lib/python3.13/site-packages/pytorch_lightning/loops/training_epoch_loop.py", line 344, in advance
    batch_output = self.automatic_optimization.run(trainer.optimizers[0], batch_idx, kwargs)
  File "/home/karunru/Home/Kaggle/kaggle_monorepo/projects/CMI_Detect_Behavior_with_Sensor_Data/.venv/lib/python3.13/site-packages/pytorch_lightning/loops/optimization/automatic.py", line 192, in run
    self._optimizer_step(batch_idx, closure)
    ~~~~~~~~~~~~~~~~~~~~^^^^^^^^^^^^^^^^^^^^
  File "/home/karunru/Home/Kaggle/kaggle_monorepo/projects/CMI_Detect_Behavior_with_Sensor_Data/.venv/lib/python3.13/site-packages/pytorch_lightning/loops/optimization/automatic.py", line 270, in _optimizer_step
    call._call_lightning_module_hook(
    ~~~~~~~~~~~~~~~~~~~~~~~~~~~~~~~~^
        trainer,
        ^^^^^^^^
    ...<4 lines>...
        train_step_and_backward_closure,
        ^^^^^^^^^^^^^^^^^^^^^^^^^^^^^^^^
    )
    ^
  File "/home/karunru/Home/Kaggle/kaggle_monorepo/projects/CMI_Detect_Behavior_with_Sensor_Data/.venv/lib/python3.13/site-packages/pytorch_lightning/trainer/call.py", line 176, in _call_lightning_module_hook
    output = fn(*args, **kwargs)
  File "/home/karunru/Home/Kaggle/kaggle_monorepo/projects/CMI_Detect_Behavior_with_Sensor_Data/.venv/lib/python3.13/site-packages/pytorch_lightning/core/module.py", line 1328, in optimizer_step
    optimizer.step(closure=optimizer_closure)
    ~~~~~~~~~~~~~~^^^^^^^^^^^^^^^^^^^^^^^^^^^
  File "/home/karunru/Home/Kaggle/kaggle_monorepo/projects/CMI_Detect_Behavior_with_Sensor_Data/.venv/lib/python3.13/site-packages/pytorch_lightning/core/optimizer.py", line 154, in step
    step_output = self._strategy.optimizer_step(self._optimizer, closure, **kwargs)
  File "/home/karunru/Home/Kaggle/kaggle_monorepo/projects/CMI_Detect_Behavior_with_Sensor_Data/.venv/lib/python3.13/site-packages/pytorch_lightning/strategies/strategy.py", line 239, in optimizer_step
    return self.precision_plugin.optimizer_step(optimizer, model=model, closure=closure, **kwargs)
           ~~~~~~~~~~~~~~~~~~~~~~~~~~~~~~~~~~~~^^^^^^^^^^^^^^^^^^^^^^^^^^^^^^^^^^^^^^^^^^^^^^^^^^^
  File "/home/karunru/Home/Kaggle/kaggle_monorepo/projects/CMI_Detect_Behavior_with_Sensor_Data/.venv/lib/python3.13/site-packages/pytorch_lightning/plugins/precision/amp.py", line 79, in optimizer_step
    closure_result = closure()
  File "/home/karunru/Home/Kaggle/kaggle_monorepo/projects/CMI_Detect_Behavior_with_Sensor_Data/.venv/lib/python3.13/site-packages/pytorch_lightning/loops/optimization/automatic.py", line 146, in __call__
    self._result = self.closure(*args, **kwargs)
                   ~~~~~~~~~~~~^^^^^^^^^^^^^^^^^
  File "/home/karunru/Home/Kaggle/kaggle_monorepo/projects/CMI_Detect_Behavior_with_Sensor_Data/.venv/lib/python3.13/site-packages/torch/utils/_contextlib.py", line 116, in decorate_context
    return func(*args, **kwargs)
  File "/home/karunru/Home/Kaggle/kaggle_monorepo/projects/CMI_Detect_Behavior_with_Sensor_Data/.venv/lib/python3.13/site-packages/pytorch_lightning/loops/optimization/automatic.py", line 140, in closure
    self._backward_fn(step_output.closure_loss)
    ~~~~~~~~~~~~~~~~~^^^^^^^^^^^^^^^^^^^^^^^^^^
  File "/home/karunru/Home/Kaggle/kaggle_monorepo/projects/CMI_Detect_Behavior_with_Sensor_Data/.venv/lib/python3.13/site-packages/pytorch_lightning/loops/optimization/automatic.py", line 241, in backward_fn
    call._call_strategy_hook(self.trainer, "backward", loss, optimizer)
    ~~~~~~~~~~~~~~~~~~~~~~~~^^^^^^^^^^^^^^^^^^^^^^^^^^^^^^^^^^^^^^^^^^^
  File "/home/karunru/Home/Kaggle/kaggle_monorepo/projects/CMI_Detect_Behavior_with_Sensor_Data/.venv/lib/python3.13/site-packages/pytorch_lightning/trainer/call.py", line 328, in _call_strategy_hook
    output = fn(*args, **kwargs)
  File "/home/karunru/Home/Kaggle/kaggle_monorepo/projects/CMI_Detect_Behavior_with_Sensor_Data/.venv/lib/python3.13/site-packages/pytorch_lightning/strategies/strategy.py", line 213, in backward
    self.precision_plugin.backward(closure_loss, self.lightning_module, optimizer, *args, **kwargs)
    ~~~~~~~~~~~~~~~~~~~~~~~~~~~~~~^^^^^^^^^^^^^^^^^^^^^^^^^^^^^^^^^^^^^^^^^^^^^^^^^^^^^^^^^^^^^^^^^
  File "/home/karunru/Home/Kaggle/kaggle_monorepo/projects/CMI_Detect_Behavior_with_Sensor_Data/.venv/lib/python3.13/site-packages/pytorch_lightning/plugins/precision/precision.py", line 73, in backward
    model.backward(tensor, *args, **kwargs)
    ~~~~~~~~~~~~~~^^^^^^^^^^^^^^^^^^^^^^^^^
  File "/home/karunru/Home/Kaggle/kaggle_monorepo/projects/CMI_Detect_Behavior_with_Sensor_Data/.venv/lib/python3.13/site-packages/pytorch_lightning/core/module.py", line 1097, in backward
    loss.backward(*args, **kwargs)
    ~~~~~~~~~~~~~^^^^^^^^^^^^^^^^^
  File "/home/karunru/Home/Kaggle/kaggle_monorepo/projects/CMI_Detect_Behavior_with_Sensor_Data/.venv/lib/python3.13/site-packages/torch/_tensor.py", line 626, in backward
    torch.autograd.backward(
    ~~~~~~~~~~~~~~~~~~~~~~~^
        self, gradient, retain_graph, create_graph, inputs=inputs
        ^^^^^^^^^^^^^^^^^^^^^^^^^^^^^^^^^^^^^^^^^^^^^^^^^^^^^^^^^
    )
    ^
  File "/home/karunru/Home/Kaggle/kaggle_monorepo/projects/CMI_Detect_Behavior_with_Sensor_Data/.venv/lib/python3.13/site-packages/torch/autograd/__init__.py", line 347, in backward
    _engine_run_backward(
    ~~~~~~~~~~~~~~~~~~~~^
        tensors,
        ^^^^^^^^
    ...<5 lines>...
        accumulate_grad=True,
        ^^^^^^^^^^^^^^^^^^^^^
    )
    ^
  File "/home/karunru/Home/Kaggle/kaggle_monorepo/projects/CMI_Detect_Behavior_with_Sensor_Data/.venv/lib/python3.13/site-packages/torch/autograd/graph.py", line 823, in _engine_run_backward
    return Variable._execution_engine.run_backward(  # Calls into the C++ engine to run the backward pass
           ~~~~~~~~~~~~~~~~~~~~~~~~~~~~~~~~~~~~~~~^^^^^^^^^^^^^^^^^^^^^^^^^^^^^^^^^^^^^^^^^^^^^^^^^^^^^^^
        t_outputs, *args, **kwargs
        ^^^^^^^^^^^^^^^^^^^^^^^^^^
    )  # Calls into the C++ engine to run the backward pass
    ^
RuntimeError: cudnn RNN backward can only be called in training mode
08/20/2025 03:38:07 AM INFO __main__: Starting cross-validation training
08/20/2025 03:38:07 AM INFO __main__: Configuration: {'experiment': {'exp_num': 'exp039', 'name': 'exp039_orient_auxiliary_task', 'description': 'Orient head auxiliary task for orientation prediction regularization', 'tags': ['imu_only', 'lstm', 'bigru', 'attention', 'residual_se_cnn', 'human_normalization', 'demographics', 'soft_f1_acls', 'bert', 'tsai', 'randaugment', 'imu_rotation', 'handedness_flip', 'orient_head', 'auxiliary_task']}, 'paths': {'output_dir': '../../../outputs/exp039'}, 'data': {'root': '../../../data', 'train_path': '../../../data/train.csv', 'test_path': '../../../data/test.csv', 'demographics_train_path': '../../../data/train_demographics.csv', 'demographics_test_path': '../../../data/test_demographics.csv'}, 'demographics': {'enabled': True, 'embedding_dim': 16, 'categorical_embedding_dims': {'adult_child': 2, 'sex': 2, 'handedness': 2}, 'numerical_scaling_method': 'minmax', 'clip_outliers': True, 'age_min': 8.0, 'age_max': 60.0, 'height_min': 130.0, 'height_max': 195.0, 'shoulder_to_wrist_min': 35.0, 'shoulder_to_wrist_max': 75.0, 'elbow_to_wrist_min': 15.0, 'elbow_to_wrist_max': 50.0, 'categorical_features': ['adult_child', 'sex', 'handedness'], 'numerical_features': ['age', 'height_cm', 'shoulder_to_wrist_cm', 'elbow_to_wrist_cm'], 'hn_enabled': False, 'hn_eps': 0.001, 'hn_radius_min_max': (0.15, 0.9), 'hn_features': ['linear_acc_mag_per_h', 'linear_acc_mag_per_rS', 'linear_acc_mag_per_rE', 'acc_over_centripetal_rS', 'acc_over_centripetal_rE', 'alpha_like_rS', 'alpha_like_rE', 'v_over_h', 'v_over_rS', 'v_over_rE']}, 'model': {'name': 'cmi_squeezeformer_bert', 'input_dim': 20, 'd_model': 256, 'n_layers': 8, 'n_heads': 8, 'd_ff': 1024, 'num_classes': 18, 'kernel_size': 31, 'dropout': 0.1}, 'training': {'seed': 42, 'batch_size': 128, 'num_workers': 8, 'epochs': 200, 'learning_rate': 0.0003, 'weight_decay': 1e-05, 'gradient_clip_val': 0.5, 'scheduler_type': 'cosine', 'scheduler_min_lr': 1e-06, 'scheduler_factor': 0.5, 'scheduler_patience': 5, 'use_mixed_precision': True, 'accumulate_grad_batches': 1}, 'loss': {'type': 'acls', 'alpha': 0.5, 'focal_gamma': 2.0, 'focal_alpha': 1.0, 'soft_f1_beta': 1.0, 'soft_f1_eps': 1e-06, 'label_smoothing': 0.1, 'nine_class_head_enabled': True, 'nine_class_loss_weight': 0.2, 'kl_weight': 0.1, 'kl_temperature': 1.0, 'auto_weighting': 'none', 'auto_weight_clamp': (-10.0, 10.0), 'uncertainty_init_value': 0.0, 'use_mixup': True, 'orient_loss_weight': 0.3}, 'acls': {'label_smoothing_alpha': 0.1, 'mbls_margin': 10.0, 'mbls_alpha': 0.1, 'mbls_schedule': None, 'acls_pos_lambda': 1.0, 'acls_neg_lambda': 0.1, 'acls_alpha': 0.1, 'acls_margin': 10.0}, 'length_grouping': {'enabled': False, 'use_dynamic_padding': False, 'mega_batch_multiplier': 8, 'percentile_max_length': 0.95, 'min_sequence_length': 50, 'max_sequence_length': 500, 'put_longest_first': True, 'fallback_to_fixed_length': True}, 'schedule_free': {'enabled': False, 'optimizer_type': 'RAdamScheduleFree', 'learning_rate_multiplier': 5.0, 'warmup_steps': 1000, 'batch_norm_calibration_steps': 50}, 'ema': {'enabled': True, 'beta': 0.9999, 'update_after_step': 1000, 'update_every': 10, 'update_model_with_ema_every': 1000, 'use_ema_for_validation': True}, 'val': {'name': 'stratified_group_kfold', 'params': {'n_splits': 5, 'random_state': 42, 'target': 'gesture', 'group': 'subject', 'id': 'sequence_id', 'force_recreate': False}}, 'preprocessing': {'target_sequence_length': 200}, 'augmentation': {'enable_randaugment': True, 'randaugment_n': 4, 'randaugment_m': 4.0, 'randaugment_prob': 0.9, 'add_noise_scale': 0.02, 'mag_scale_range': [0.9, 1.1], 'time_warp_max': 0.2, 'crop_ratio': 0.9, 'mask_ratio': 0.1, 'imu_rotation_angle_range': 0.2, 'handedness_flip_prob': 0.0, 'enable_handedness_flip': False, 'gaussian_noise_prob': 0.0, 'gaussian_noise_std': 0.01, 'time_scaling_prob': 0.0, 'time_scaling_range': [0.9, 1.1], 'partial_masking_prob': 0.0, 'partial_masking_length_range': [5, 20], 'partial_masking_ratio': 0.1}, 'logging': {'wandb_enabled': True, 'wandb_project': 'CMI-Detect-Behavior-with-Sensor-Data', 'wandb_name': 'exp039', 'wandb_tags': ['exp039', 'imu_only', 'lstm', 'bigru', 'attention', 'residual_se_cnn', 'human_normalization', 'demographics', 'soft_f1_acls', 'bert', 'tsai', 'randaugment', 'imu_rotation', 'handedness_flip', 'orient_head', 'auxiliary_task']}, 'lightning': {'trainer': {'accelerator': 'auto', 'devices': 'auto', 'precision': '16-mixed', 'deterministic': False, 'benchmark': True, 'enable_checkpointing': True, 'log_every_n_steps': 10, 'check_val_every_n_epoch': 1, 'val_check_interval': 1.0}, 'callbacks': {'model_checkpoint': {'monitor': 'val_cmi_score', 'mode': 'max', 'save_top_k': 1, 'save_last': True, 'filename': 'epoch-{epoch:02d}-val_cmi_score-{val_cmi_score:.4f}', 'auto_insert_metric_name': False}, 'early_stopping': {'monitor': 'val_cmi_score', 'mode': 'max', 'patience': 30, 'min_delta': 0.0001, 'verbose': True}, 'lr_monitor': {'logging_interval': 'epoch'}, 'rich_progress_bar': {'enable': False}}}, 'root': '../../../outputs/exp039', 'target_gestures': ['Above ear - pull hair', 'Forehead - pull hairline', 'Forehead - scratch', 'Eyebrow - pull hair', 'Eyelash - pull hair', 'Neck - pinch skin', 'Neck - scratch', 'Cheek - pinch skin'], 'non_target_gestures': ['Drink from bottle/cup', 'Glasses on/off', 'Pull air toward your face', 'Pinch knee/leg skin', 'Scratch knee/leg skin', 'Write name on leg', 'Text on phone', 'Feel around in tray and pull out an object', 'Write name in air', 'Wave hello'], 'imu_features': ['acc_x', 'acc_y', 'acc_z', 'rot_w', 'rot_x', 'rot_y', 'rot_z', 'linear_acc_x', 'linear_acc_y', 'linear_acc_z', 'linear_acc_mag', 'linear_acc_mag_jerk', 'angular_vel_x', 'angular_vel_y', 'angular_vel_z', 'angular_distance']}
08/20/2025 03:38:07 AM INFO __main__: Starting training for fold 0
08/20/2025 03:39:47 AM INFO __main__: Using input_dim=20 (HN features: False)
08/20/2025 03:46:12 AM INFO __main__: Loading best model from: ../../../outputs/exp039/fold_0/version_1/checkpoints/epoch-130-val_cmi_score-0.7725.ckpt
08/20/2025 03:46:14 AM INFO __main__: Fold 0 results: {'fold': 0, 'val_loss': 1.0563451051712036, 'val_cmi_score': 0.7724584341049194, 'val_multiclass_loss': 1.2712687253952026, 'val_binary_loss': 0.13496434688568115, 'best_model_path': '../../../outputs/exp039/fold_0/version_1/checkpoints/epoch-130-val_cmi_score-0.7725.ckpt'}
08/20/2025 03:46:14 AM INFO __main__: Starting training for fold 1
08/20/2025 03:47:57 AM INFO __main__: Using input_dim=20 (HN features: False)
08/20/2025 03:55:05 AM INFO __main__: Loading best model from: ../../../outputs/exp039/fold_1/version_0/checkpoints/epoch-154-val_cmi_score-0.7627.ckpt
08/20/2025 03:55:07 AM INFO __main__: Fold 1 results: {'fold': 1, 'val_loss': 1.4474573135375977, 'val_cmi_score': 0.7626725435256958, 'val_multiclass_loss': 1.7583754062652588, 'val_binary_loss': 0.20870663225650787, 'best_model_path': '../../../outputs/exp039/fold_1/version_0/checkpoints/epoch-154-val_cmi_score-0.7627.ckpt'}
08/20/2025 03:55:07 AM INFO __main__: Starting training for fold 2
08/20/2025 03:56:49 AM INFO __main__: Using input_dim=20 (HN features: False)
08/20/2025 04:02:37 AM INFO __main__: Loading best model from: ../../../outputs/exp039/fold_2/version_0/checkpoints/epoch-105-val_cmi_score-0.7935.ckpt
08/20/2025 04:02:40 AM INFO __main__: Fold 2 results: {'fold': 2, 'val_loss': 1.0201352834701538, 'val_cmi_score': 0.7934816479682922, 'val_multiclass_loss': 1.2016174793243408, 'val_binary_loss': 0.11880011111497879, 'best_model_path': '../../../outputs/exp039/fold_2/version_0/checkpoints/epoch-105-val_cmi_score-0.7935.ckpt'}
08/20/2025 04:02:40 AM INFO __main__: Starting training for fold 3
08/20/2025 04:04:22 AM INFO __main__: Using input_dim=20 (HN features: False)
08/20/2025 04:10:21 AM INFO __main__: Loading best model from: ../../../outputs/exp039/fold_3/version_0/checkpoints/epoch-117-val_cmi_score-0.7643.ckpt
08/20/2025 04:10:24 AM INFO __main__: Fold 3 results: {'fold': 3, 'val_loss': 1.1843171119689941, 'val_cmi_score': 0.764297366142273, 'val_multiclass_loss': 1.4205210208892822, 'val_binary_loss': 0.13527433574199677, 'best_model_path': '../../../outputs/exp039/fold_3/version_0/checkpoints/epoch-117-val_cmi_score-0.7643.ckpt'}
08/20/2025 04:10:24 AM INFO __main__: Starting training for fold 4
08/20/2025 04:12:06 AM INFO __main__: Using input_dim=20 (HN features: False)
08/20/2025 04:18:35 AM INFO __main__: Loading best model from: ../../../outputs/exp039/fold_4/version_0/checkpoints/epoch-132-val_cmi_score-0.7756.ckpt
08/20/2025 04:18:37 AM INFO __main__: Fold 4 results: {'fold': 4, 'val_loss': 1.183641791343689, 'val_cmi_score': 0.7755782008171082, 'val_multiclass_loss': 1.3851771354675293, 'val_binary_loss': 0.18490608036518097, 'best_model_path': '../../../outputs/exp039/fold_4/version_0/checkpoints/epoch-132-val_cmi_score-0.7756.ckpt'}
08/20/2025 04:18:37 AM INFO __main__: Cross-validation completed
08/20/2025 04:18:37 AM INFO __main__: Mean CV Loss: 1.1784 ± 0.1499
08/20/2025 04:18:37 AM INFO __main__: Mean CV CMI Score: 0.7737 ± 0.0110
08/20/2025 04:18:37 AM INFO __main__: Results saved to: ../../../outputs/exp039/cv_results.csv
08/20/2025 04:18:37 AM INFO __main__: CV results logged to WandB
